# JRE version: OpenJDK Runtime Environment (8.0_242-b01) (build 1.8.0_242-release-1644-b01)
# Java VM: OpenJDK 64-Bit Server VM (25.242-b01 mixed mode windows-amd64 compressed oops)
Heap:
 PSYoungGen      total 340480K, used 190389K [0x00000000d5580000, 0x00000000ef400000, 0x0000000100000000)
  eden space 307712K, 61% used [0x00000000d5580000,0x00000000e0f6d458,0x00000000e8200000)
  from space 32768K, 0% used [0x00000000e8200000,0x00000000e8200000,0x00000000ea200000)
  to   space 33792K, 0% used [0x00000000ed300000,0x00000000ed300000,0x00000000ef400000)
 ParOldGen       total 304640K, used 48492K [0x0000000080000000, 0x0000000092980000, 0x00000000d5580000)
  object space 304640K, 15% used [0x0000000080000000,0x0000000082f5b3f0,0x0000000092980000)
 Metaspace       used 93214K, capacity 97798K, committed 98520K, reserved 1134592K
  class space    used 12235K, capacity 13071K, committed 13312K, reserved 1048576K
GC Heap History (10 events):
Event: 17.950 GC heap before
{Heap before GC invocations=15 (full 3):
 PSYoungGen      total 226816K, used 226813K [0x00000000d5580000, 0x00000000e8600000, 0x0000000100000000)
  eden space 207872K, 100% used [0x00000000d5580000,0x00000000e2080000,0x00000000e2080000)
  from space 18944K, 99% used [0x00000000e2080000,0x00000000e32ff618,0x00000000e3300000)
  to   space 25600K, 0% used [0x00000000e6d00000,0x00000000e6d00000,0x00000000e8600000)
 ParOldGen       total 214016K, used 52579K [0x0000000080000000, 0x000000008d100000, 0x00000000d5580000)
  object space 214016K, 24% used [0x0000000080000000,0x0000000083358e68,0x000000008d100000)
 Metaspace       used 70201K, capacity 73476K, committed 73688K, reserved 1112064K
  class space    used 9556K, capacity 10195K, committed 10240K, reserved 1048576K
Event: 18.006 GC heap after
Heap after GC invocations=15 (full 3):
 PSYoungGen      total 282112K, used 19215K [0x00000000d5580000, 0x00000000e8500000, 0x0000000100000000)
  eden space 257536K, 0% used [0x00000000d5580000,0x00000000d5580000,0x00000000e5100000)
  from space 24576K, 78% used [0x00000000e6d00000,0x00000000e7fc3c08,0x00000000e8500000)
  to   space 26624K, 0% used [0x00000000e5100000,0x00000000e5100000,0x00000000e6b00000)
 ParOldGen       total 214016K, used 70768K [0x0000000080000000, 0x000000008d100000, 0x00000000d5580000)
  object space 214016K, 33% used [0x0000000080000000,0x000000008451c3f0,0x000000008d100000)
 Metaspace       used 70201K, capacity 73476K, committed 73688K, reserved 1112064K
  class space    used 9556K, capacity 10195K, committed 10240K, reserved 1048576K
}
Event: 22.109 GC heap before
{Heap before GC invocations=16 (full 3):
 PSYoungGen      total 282112K, used 276751K [0x00000000d5580000, 0x00000000e8500000, 0x0000000100000000)
  eden space 257536K, 100% used [0x00000000d5580000,0x00000000e5100000,0x00000000e5100000)
  from space 24576K, 78% used [0x00000000e6d00000,0x00000000e7fc3c08,0x00000000e8500000)
  to   space 26624K, 0% used [0x00000000e5100000,0x00000000e5100000,0x00000000e6b00000)
 ParOldGen       total 214016K, used 70768K [0x0000000080000000, 0x000000008d100000, 0x00000000d5580000)
  object space 214016K, 33% used [0x0000000080000000,0x000000008451c3f0,0x000000008d100000)
 Metaspace       used 86549K, capacity 91050K, committed 91224K, reserved 1128448K
  class space    used 11719K, capacity 12581K, committed 12672K, reserved 1048576K
Event: 22.187 GC heap after
Heap after GC invocations=16 (full 3):
 PSYoungGen      total 284160K, used 26600K [0x00000000d5580000, 0x00000000ed000000, 0x0000000100000000)
  eden space 257536K, 0% used [0x00000000d5580000,0x00000000d5580000,0x00000000e5100000)
  from space 26624K, 99% used [0x00000000e5100000,0x00000000e6afa200,0x00000000e6b00000)
  to   space 34816K, 0% used [0x00000000eae00000,0x00000000eae00000,0x00000000ed000000)
 ParOldGen       total 214016K, used 82806K [0x0000000080000000, 0x000000008d100000, 0x00000000d5580000)
  object space 214016K, 38% used [0x0000000080000000,0x00000000850dd990,0x000000008d100000)
 Metaspace       used 86549K, capacity 91050K, committed 91224K, reserved 1128448K
  class space    used 11719K, capacity 12581K, committed 12672K, reserved 1048576K
}
Event: 328.062 GC heap before
{Heap before GC invocations=17 (full 3):
 PSYoungGen      total 284160K, used 284136K [0x00000000d5580000, 0x00000000ed000000, 0x0000000100000000)
  eden space 257536K, 100% used [0x00000000d5580000,0x00000000e5100000,0x00000000e5100000)
  from space 26624K, 99% used [0x00000000e5100000,0x00000000e6afa200,0x00000000e6b00000)
  to   space 34816K, 0% used [0x00000000eae00000,0x00000000eae00000,0x00000000ed000000)
 ParOldGen       total 214016K, used 82806K [0x0000000080000000, 0x000000008d100000, 0x00000000d5580000)
  object space 214016K, 38% used [0x0000000080000000,0x00000000850dd990,0x000000008d100000)
 Metaspace       used 92965K, capacity 97950K, committed 98008K, reserved 1134592K
  class space    used 12338K, capacity 13267K, committed 13312K, reserved 1048576K
Event: 328.109 GC heap after
Heap after GC invocations=17 (full 3):
 PSYoungGen      total 328192K, used 15944K [0x00000000d5580000, 0x00000000ec200000, 0x0000000100000000)
  eden space 307712K, 0% used [0x00000000d5580000,0x00000000d5580000,0x00000000e8200000)
  from space 20480K, 77% used [0x00000000eae00000,0x00000000ebd921a0,0x00000000ec200000)
  to   space 32768K, 0% used [0x00000000e8200000,0x00000000e8200000,0x00000000ea200000)
 ParOldGen       total 214016K, used 104512K [0x0000000080000000, 0x000000008d100000, 0x00000000d5580000)
  object space 214016K, 48% used [0x0000000080000000,0x0000000086610018,0x000000008d100000)
 Metaspace       used 92965K, capacity 97950K, committed 98008K, reserved 1134592K
  class space    used 12338K, capacity 13267K, committed 13312K, reserved 1048576K
}
Event: 447.993 GC heap before
{Heap before GC invocations=18 (full 3):
 PSYoungGen      total 328192K, used 73214K [0x00000000d5580000, 0x00000000ec200000, 0x0000000100000000)
  eden space 307712K, 18% used [0x00000000d5580000,0x00000000d8d6d930,0x00000000e8200000)
  from space 20480K, 77% used [0x00000000eae00000,0x00000000ebd921a0,0x00000000ec200000)
  to   space 32768K, 0% used [0x00000000e8200000,0x00000000e8200000,0x00000000ea200000)
 ParOldGen       total 214016K, used 104512K [0x0000000080000000, 0x000000008d100000, 0x00000000d5580000)
  object space 214016K, 48% used [0x0000000080000000,0x0000000086610018,0x000000008d100000)
 Metaspace       used 93243K, capacity 98218K, committed 98264K, reserved 1134592K
  class space    used 12359K, capacity 13291K, committed 13312K, reserved 1048576K
Event: 447.999 GC heap after
Heap after GC invocations=18 (full 3):
 PSYoungGen      total 340480K, used 2100K [0x00000000d5580000, 0x00000000ef400000, 0x0000000100000000)
  eden space 307712K, 0% used [0x00000000d5580000,0x00000000d5580000,0x00000000e8200000)
  from space 32768K, 6% used [0x00000000e8200000,0x00000000e840d268,0x00000000ea200000)
  to   space 33792K, 0% used [0x00000000ed300000,0x00000000ed300000,0x00000000ef400000)
 ParOldGen       total 214016K, used 104520K [0x0000000080000000, 0x000000008d100000, 0x00000000d5580000)
  object space 214016K, 48% used [0x0000000080000000,0x0000000086612018,0x000000008d100000)
 Metaspace       used 93243K, capacity 98218K, committed 98264K, reserved 1134592K
  class space    used 12359K, capacity 13291K, committed 13312K, reserved 1048576K
}
Event: 447.999 GC heap before
{Heap before GC invocations=19 (full 4):
 PSYoungGen      total 340480K, used 2100K [0x00000000d5580000, 0x00000000ef400000, 0x0000000100000000)
  eden space 307712K, 0% used [0x00000000d5580000,0x00000000d5580000,0x00000000e8200000)
  from space 32768K, 6% used [0x00000000e8200000,0x00000000e840d268,0x00000000ea200000)
  to   space 33792K, 0% used [0x00000000ed300000,0x00000000ed300000,0x00000000ef400000)
 ParOldGen       total 214016K, used 104520K [0x0000000080000000, 0x000000008d100000, 0x00000000d5580000)
  object space 214016K, 48% used [0x0000000080000000,0x0000000086612018,0x000000008d100000)
 Metaspace       used 93243K, capacity 98218K, committed 98264K, reserved 1134592K
  class space    used 12359K, capacity 13291K, committed 13312K, reserved 1048576K
Event: 448.177 GC heap after
Heap after GC invocations=19 (full 4):
 PSYoungGen      total 340480K, used 0K [0x00000000d5580000, 0x00000000ef400000, 0x0000000100000000)
  eden space 307712K, 0% used [0x00000000d5580000,0x00000000d5580000,0x00000000e8200000)
  from space 32768K, 0% used [0x00000000e8200000,0x00000000e8200000,0x00000000ea200000)
  to   space 33792K, 0% used [0x00000000ed300000,0x00000000ed300000,0x00000000ef400000)
 ParOldGen       total 304640K, used 48492K [0x0000000080000000, 0x0000000092980000, 0x00000000d5580000)
  object space 304640K, 15% used [0x0000000080000000,0x0000000082f5b3f0,0x0000000092980000)
 Metaspace       used 92843K, capacity 97272K, committed 98264K, reserved 1134592K
  class space    used 12215K, capacity 13034K, committed 13312K, reserved 1048576K
}

